running egg_info
creating ../../build/class_pkg/class_pkg.egg-info
writing ../../build/class_pkg/class_pkg.egg-info/PKG-INFO
writing dependency_links to ../../build/class_pkg/class_pkg.egg-info/dependency_links.txt
writing entry points to ../../build/class_pkg/class_pkg.egg-info/entry_points.txt
writing requirements to ../../build/class_pkg/class_pkg.egg-info/requires.txt
writing top-level names to ../../build/class_pkg/class_pkg.egg-info/top_level.txt
writing manifest file '../../build/class_pkg/class_pkg.egg-info/SOURCES.txt'
reading manifest file '../../build/class_pkg/class_pkg.egg-info/SOURCES.txt'
writing manifest file '../../build/class_pkg/class_pkg.egg-info/SOURCES.txt'
running build
running build_py
creating /home/mech1/Workspaces/course_ws/build/class_pkg/build
creating /home/mech1/Workspaces/course_ws/build/class_pkg/build/lib
creating /home/mech1/Workspaces/course_ws/build/class_pkg/build/lib/class_pkg
copying class_pkg/__init__.py -> /home/mech1/Workspaces/course_ws/build/class_pkg/build/lib/class_pkg
copying class_pkg/custom_talker.py -> /home/mech1/Workspaces/course_ws/build/class_pkg/build/lib/class_pkg
running install
running install_lib
creating /home/mech1/Workspaces/course_ws/install/class_pkg/lib/python3.10/site-packages/class_pkg
copying /home/mech1/Workspaces/course_ws/build/class_pkg/build/lib/class_pkg/__init__.py -> /home/mech1/Workspaces/course_ws/install/class_pkg/lib/python3.10/site-packages/class_pkg
copying /home/mech1/Workspaces/course_ws/build/class_pkg/build/lib/class_pkg/custom_talker.py -> /home/mech1/Workspaces/course_ws/install/class_pkg/lib/python3.10/site-packages/class_pkg
byte-compiling /home/mech1/Workspaces/course_ws/install/class_pkg/lib/python3.10/site-packages/class_pkg/__init__.py to __init__.cpython-310.pyc
byte-compiling /home/mech1/Workspaces/course_ws/install/class_pkg/lib/python3.10/site-packages/class_pkg/custom_talker.py to custom_talker.cpython-310.pyc
running install_data
creating /home/mech1/Workspaces/course_ws/install/class_pkg/share/ament_index
creating /home/mech1/Workspaces/course_ws/install/class_pkg/share/ament_index/resource_index
creating /home/mech1/Workspaces/course_ws/install/class_pkg/share/ament_index/resource_index/packages
copying resource/class_pkg -> /home/mech1/Workspaces/course_ws/install/class_pkg/share/ament_index/resource_index/packages
copying package.xml -> /home/mech1/Workspaces/course_ws/install/class_pkg/share/class_pkg
running install_egg_info
Copying ../../build/class_pkg/class_pkg.egg-info to /home/mech1/Workspaces/course_ws/install/class_pkg/lib/python3.10/site-packages/class_pkg-0.0.0-py3.10.egg-info
running install_scripts
Installing custom_talker script to /home/mech1/Workspaces/course_ws/install/class_pkg/lib/class_pkg
writing list of installed files to '/home/mech1/Workspaces/course_ws/build/class_pkg/install.log'
