[0.319s] DEBUG:colcon:Command line arguments: ['/usr/bin/colcon', 'build']
[0.319s] DEBUG:colcon:Parsed command line arguments: Namespace(log_base=None, log_level=None, verb_name='build', build_base='build', install_base='install', merge_install=False, symlink_install=False, test_result_base=None, continue_on_error=False, executor='parallel', parallel_workers=8, event_handlers=None, ignore_user_meta=False, metas=['./colcon.meta'], base_paths=['.'], packages_ignore=None, packages_ignore_regex=None, paths=None, packages_up_to=None, packages_up_to_regex=None, packages_above=None, packages_above_and_dependencies=None, packages_above_depth=None, packages_select_by_dep=None, packages_skip_by_dep=None, packages_skip_up_to=None, packages_select_build_failed=False, packages_skip_build_finished=False, packages_select_test_failures=False, packages_skip_test_passed=False, packages_select=None, packages_skip=None, packages_select_regex=None, packages_skip_regex=None, packages_start=None, packages_end=None, allow_overriding=[], cmake_args=None, cmake_target=None, cmake_target_skip_unavailable=False, cmake_clean_cache=False, cmake_clean_first=False, cmake_force_configure=False, ament_cmake_args=None, catkin_cmake_args=None, catkin_skip_building_tests=False, mixin_files=None, mixin=None, verb_parser=<colcon_mixin.mixin.mixin_argument.MixinArgumentDecorator object at 0x7fa938be66e0>, verb_extension=<colcon_core.verb.build.BuildVerb object at 0x7fa938be60e0>, main=<bound method BuildVerb.main of <colcon_core.verb.build.BuildVerb object at 0x7fa938be60e0>>, mixin_verb=('build',))
[3.805s] Level 1:colcon.colcon_core.package_discovery:discover_packages(colcon_meta) check parameters
[3.806s] Level 1:colcon.colcon_core.package_discovery:discover_packages(recursive) check parameters
[3.806s] Level 1:colcon.colcon_core.package_discovery:discover_packages(ignore) check parameters
[3.806s] Level 1:colcon.colcon_core.package_discovery:discover_packages(path) check parameters
[3.806s] Level 1:colcon.colcon_core.package_discovery:discover_packages(colcon_meta) discover
[3.806s] Level 1:colcon.colcon_core.package_discovery:discover_packages(recursive) discover
[3.806s] INFO:colcon.colcon_core.package_discovery:Crawling recursively for packages in '/home/mech1/Workspaces/course_ws'
[3.807s] Level 1:colcon.colcon_core.package_identification:_identify(.) by extensions ['ignore', 'ignore_ament_install']
[3.807s] Level 1:colcon.colcon_core.package_identification:_identify(.) by extension 'ignore'
[3.807s] Level 1:colcon.colcon_core.package_identification:_identify(.) by extension 'ignore_ament_install'
[3.807s] Level 1:colcon.colcon_core.package_identification:_identify(.) by extensions ['colcon_pkg']
[3.807s] Level 1:colcon.colcon_core.package_identification:_identify(.) by extension 'colcon_pkg'
[3.808s] Level 1:colcon.colcon_core.package_identification:_identify(.) by extensions ['colcon_meta']
[3.808s] Level 1:colcon.colcon_core.package_identification:_identify(.) by extension 'colcon_meta'
[3.808s] Level 1:colcon.colcon_core.package_identification:_identify(.) by extensions ['ros']
[3.808s] Level 1:colcon.colcon_core.package_identification:_identify(.) by extension 'ros'
[3.838s] Level 1:colcon.colcon_core.package_identification:_identify(.) by extensions ['cmake', 'python']
[3.838s] Level 1:colcon.colcon_core.package_identification:_identify(.) by extension 'cmake'
[3.839s] Level 1:colcon.colcon_core.package_identification:_identify(.) by extension 'python'
[3.839s] Level 1:colcon.colcon_core.package_identification:_identify(.) by extensions ['python_setup_py']
[3.839s] Level 1:colcon.colcon_core.package_identification:_identify(.) by extension 'python_setup_py'
[3.839s] Level 1:colcon.colcon_core.package_identification:_identify(build) by extensions ['ignore', 'ignore_ament_install']
[3.839s] Level 1:colcon.colcon_core.package_identification:_identify(build) by extension 'ignore'
[3.839s] Level 1:colcon.colcon_core.package_identification:_identify(build) ignored
[3.840s] Level 1:colcon.colcon_core.package_identification:_identify(install) by extensions ['ignore', 'ignore_ament_install']
[3.840s] Level 1:colcon.colcon_core.package_identification:_identify(install) by extension 'ignore'
[3.840s] Level 1:colcon.colcon_core.package_identification:_identify(install) ignored
[3.840s] Level 1:colcon.colcon_core.package_identification:_identify(log) by extensions ['ignore', 'ignore_ament_install']
[3.841s] Level 1:colcon.colcon_core.package_identification:_identify(log) by extension 'ignore'
[3.841s] Level 1:colcon.colcon_core.package_identification:_identify(log) ignored
[3.841s] Level 1:colcon.colcon_core.package_identification:_identify(src) by extensions ['ignore', 'ignore_ament_install']
[3.841s] Level 1:colcon.colcon_core.package_identification:_identify(src) by extension 'ignore'
[3.841s] Level 1:colcon.colcon_core.package_identification:_identify(src) by extension 'ignore_ament_install'
[3.841s] Level 1:colcon.colcon_core.package_identification:_identify(src) by extensions ['colcon_pkg']
[3.842s] Level 1:colcon.colcon_core.package_identification:_identify(src) by extension 'colcon_pkg'
[3.842s] Level 1:colcon.colcon_core.package_identification:_identify(src) by extensions ['colcon_meta']
[3.842s] Level 1:colcon.colcon_core.package_identification:_identify(src) by extension 'colcon_meta'
[3.842s] Level 1:colcon.colcon_core.package_identification:_identify(src) by extensions ['ros']
[3.842s] Level 1:colcon.colcon_core.package_identification:_identify(src) by extension 'ros'
[3.842s] Level 1:colcon.colcon_core.package_identification:_identify(src) by extensions ['cmake', 'python']
[3.842s] Level 1:colcon.colcon_core.package_identification:_identify(src) by extension 'cmake'
[3.842s] Level 1:colcon.colcon_core.package_identification:_identify(src) by extension 'python'
[3.843s] Level 1:colcon.colcon_core.package_identification:_identify(src) by extensions ['python_setup_py']
[3.843s] Level 1:colcon.colcon_core.package_identification:_identify(src) by extension 'python_setup_py'
[3.843s] Level 1:colcon.colcon_core.package_identification:_identify(src/class_pkg) by extensions ['ignore', 'ignore_ament_install']
[3.843s] Level 1:colcon.colcon_core.package_identification:_identify(src/class_pkg) by extension 'ignore'
[3.843s] Level 1:colcon.colcon_core.package_identification:_identify(src/class_pkg) by extension 'ignore_ament_install'
[3.843s] Level 1:colcon.colcon_core.package_identification:_identify(src/class_pkg) by extensions ['colcon_pkg']
[3.844s] Level 1:colcon.colcon_core.package_identification:_identify(src/class_pkg) by extension 'colcon_pkg'
[3.844s] Level 1:colcon.colcon_core.package_identification:_identify(src/class_pkg) by extensions ['colcon_meta']
[3.844s] Level 1:colcon.colcon_core.package_identification:_identify(src/class_pkg) by extension 'colcon_meta'
[3.844s] Level 1:colcon.colcon_core.package_identification:_identify(src/class_pkg) by extensions ['ros']
[3.844s] Level 1:colcon.colcon_core.package_identification:_identify(src/class_pkg) by extension 'ros'
[3.875s] DEBUG:colcon.colcon_core.package_identification:Package 'src/class_pkg' with type 'ros.ament_python' and name 'class_pkg'
[3.875s] Level 1:colcon.colcon_core.package_discovery:discover_packages(recursive) using defaults
[3.875s] Level 1:colcon.colcon_core.package_discovery:discover_packages(ignore) discover
[3.875s] Level 1:colcon.colcon_core.package_discovery:discover_packages(ignore) using defaults
[3.875s] Level 1:colcon.colcon_core.package_discovery:discover_packages(path) discover
[3.875s] Level 1:colcon.colcon_core.package_discovery:discover_packages(path) using defaults
[4.137s] Level 1:colcon.colcon_core.package_discovery:discover_packages(prefix_path) check parameters
[4.137s] Level 1:colcon.colcon_core.package_discovery:discover_packages(prefix_path) discover
[4.143s] DEBUG:colcon.colcon_installed_package_information.package_discovery:Found 446 installed packages in /opt/ros/humble
[4.161s] Level 1:colcon.colcon_core.package_discovery:discover_packages(prefix_path) using defaults
[4.234s] Level 5:colcon.colcon_core.verb:set package 'class_pkg' build argument 'cmake_args' from command line to 'None'
[4.234s] Level 5:colcon.colcon_core.verb:set package 'class_pkg' build argument 'cmake_target' from command line to 'None'
[4.235s] Level 5:colcon.colcon_core.verb:set package 'class_pkg' build argument 'cmake_target_skip_unavailable' from command line to 'False'
[4.235s] Level 5:colcon.colcon_core.verb:set package 'class_pkg' build argument 'cmake_clean_cache' from command line to 'False'
[4.235s] Level 5:colcon.colcon_core.verb:set package 'class_pkg' build argument 'cmake_clean_first' from command line to 'False'
[4.235s] Level 5:colcon.colcon_core.verb:set package 'class_pkg' build argument 'cmake_force_configure' from command line to 'False'
[4.235s] Level 5:colcon.colcon_core.verb:set package 'class_pkg' build argument 'ament_cmake_args' from command line to 'None'
[4.235s] Level 5:colcon.colcon_core.verb:set package 'class_pkg' build argument 'catkin_cmake_args' from command line to 'None'
[4.235s] Level 5:colcon.colcon_core.verb:set package 'class_pkg' build argument 'catkin_skip_building_tests' from command line to 'False'
[4.235s] DEBUG:colcon.colcon_core.verb:Building package 'class_pkg' with the following arguments: {'ament_cmake_args': None, 'build_base': '/home/mech1/Workspaces/course_ws/build/class_pkg', 'catkin_cmake_args': None, 'catkin_skip_building_tests': False, 'cmake_args': None, 'cmake_clean_cache': False, 'cmake_clean_first': False, 'cmake_force_configure': False, 'cmake_target': None, 'cmake_target_skip_unavailable': False, 'install_base': '/home/mech1/Workspaces/course_ws/install/class_pkg', 'merge_install': False, 'path': '/home/mech1/Workspaces/course_ws/src/class_pkg', 'symlink_install': False, 'test_result_base': None}
[4.235s] INFO:colcon.colcon_core.executor:Executing jobs using 'parallel' executor
[4.236s] DEBUG:colcon.colcon_parallel_executor.executor.parallel:run_until_complete
[4.236s] INFO:colcon.colcon_ros.task.ament_python.build:Building ROS package in '/home/mech1/Workspaces/course_ws/src/class_pkg' with build type 'ament_python'
[4.237s] Level 1:colcon.colcon_core.shell:create_environment_hook('class_pkg', 'ament_prefix_path')
[4.261s] INFO:colcon.colcon_core.plugin_system:Skipping extension 'colcon_core.shell.bat': Not used on non-Windows systems
[4.261s] INFO:colcon.colcon_core.shell:Creating environment hook '/home/mech1/Workspaces/course_ws/install/class_pkg/share/class_pkg/hook/ament_prefix_path.ps1'
[4.272s] INFO:colcon.colcon_core.shell:Creating environment descriptor '/home/mech1/Workspaces/course_ws/install/class_pkg/share/class_pkg/hook/ament_prefix_path.dsv'
[4.282s] INFO:colcon.colcon_core.shell:Creating environment hook '/home/mech1/Workspaces/course_ws/install/class_pkg/share/class_pkg/hook/ament_prefix_path.sh'
[4.283s] INFO:colcon.colcon_core.shell:Skip shell extension 'powershell' for command environment: Not usable outside of PowerShell
[4.283s] DEBUG:colcon.colcon_core.shell:Skip shell extension 'dsv' for command environment
[4.595s] INFO:colcon.colcon_core.task.python.build:Building Python package in '/home/mech1/Workspaces/course_ws/src/class_pkg'
[4.596s] INFO:colcon.colcon_core.shell:Skip shell extension 'powershell' for command environment: Not usable outside of PowerShell
[4.596s] DEBUG:colcon.colcon_core.shell:Skip shell extension 'dsv' for command environment
[5.599s] DEBUG:colcon.colcon_core.event_handler.log_command:Invoking command in '/home/mech1/Workspaces/course_ws/src/class_pkg': PYTHONPATH=/home/mech1/Workspaces/course_ws/build/class_pkg/prefix_override:/usr/lib/python3/dist-packages/colcon_core/task/python/colcon_distutils_commands:/home/mech1/Workspaces/course_ws/install/class_pkg/lib/python3.10/site-packages:${PYTHONPATH} /usr/bin/python3 -W ignore:setup.py install is deprecated setup.py egg_info --egg-base ../../build/class_pkg build --build-base /home/mech1/Workspaces/course_ws/build/class_pkg/build install --record /home/mech1/Workspaces/course_ws/build/class_pkg/install.log --single-version-externally-managed install_data
[5.965s] DEBUG:colcon.colcon_core.event_handler.log_command:Invoked command in '/home/mech1/Workspaces/course_ws/src/class_pkg' returned '0': PYTHONPATH=/home/mech1/Workspaces/course_ws/build/class_pkg/prefix_override:/usr/lib/python3/dist-packages/colcon_core/task/python/colcon_distutils_commands:/home/mech1/Workspaces/course_ws/install/class_pkg/lib/python3.10/site-packages:${PYTHONPATH} /usr/bin/python3 -W ignore:setup.py install is deprecated setup.py egg_info --egg-base ../../build/class_pkg build --build-base /home/mech1/Workspaces/course_ws/build/class_pkg/build install --record /home/mech1/Workspaces/course_ws/build/class_pkg/install.log --single-version-externally-managed install_data
[6.038s] Level 1:colcon.colcon_core.environment:checking '/home/mech1/Workspaces/course_ws/install/class_pkg' for CMake module files
[6.039s] Level 1:colcon.colcon_core.environment:checking '/home/mech1/Workspaces/course_ws/install/class_pkg' for CMake config files
[6.039s] Level 1:colcon.colcon_core.environment:checking '/home/mech1/Workspaces/course_ws/install/class_pkg/lib'
[6.040s] Level 1:colcon.colcon_core.environment:checking '/home/mech1/Workspaces/course_ws/install/class_pkg/bin'
[6.040s] Level 1:colcon.colcon_core.environment:checking '/home/mech1/Workspaces/course_ws/install/class_pkg/lib/pkgconfig/class_pkg.pc'
[6.040s] Level 1:colcon.colcon_core.environment:checking '/home/mech1/Workspaces/course_ws/install/class_pkg/lib/python3.10/site-packages'
[6.040s] Level 1:colcon.colcon_core.shell:create_environment_hook('class_pkg', 'pythonpath')
[6.040s] INFO:colcon.colcon_core.shell:Creating environment hook '/home/mech1/Workspaces/course_ws/install/class_pkg/share/class_pkg/hook/pythonpath.ps1'
[6.041s] INFO:colcon.colcon_core.shell:Creating environment descriptor '/home/mech1/Workspaces/course_ws/install/class_pkg/share/class_pkg/hook/pythonpath.dsv'
[6.041s] INFO:colcon.colcon_core.shell:Creating environment hook '/home/mech1/Workspaces/course_ws/install/class_pkg/share/class_pkg/hook/pythonpath.sh'
[6.042s] Level 1:colcon.colcon_core.environment:checking '/home/mech1/Workspaces/course_ws/install/class_pkg/bin'
[6.042s] Level 1:colcon.colcon_core.environment:create_environment_scripts_only(class_pkg)
[6.042s] INFO:colcon.colcon_core.shell:Creating package script '/home/mech1/Workspaces/course_ws/install/class_pkg/share/class_pkg/package.ps1'
[6.048s] INFO:colcon.colcon_core.shell:Creating package descriptor '/home/mech1/Workspaces/course_ws/install/class_pkg/share/class_pkg/package.dsv'
[6.059s] INFO:colcon.colcon_core.shell:Creating package script '/home/mech1/Workspaces/course_ws/install/class_pkg/share/class_pkg/package.sh'
[6.060s] INFO:colcon.colcon_core.shell:Creating package script '/home/mech1/Workspaces/course_ws/install/class_pkg/share/class_pkg/package.bash'
[6.080s] INFO:colcon.colcon_core.shell:Creating package script '/home/mech1/Workspaces/course_ws/install/class_pkg/share/class_pkg/package.zsh'
[6.096s] Level 1:colcon.colcon_core.environment:create_file_with_runtime_dependencies(/home/mech1/Workspaces/course_ws/install/class_pkg/share/colcon-core/packages/class_pkg)
[6.096s] DEBUG:colcon.colcon_parallel_executor.executor.parallel:closing loop
[6.096s] DEBUG:colcon.colcon_parallel_executor.executor.parallel:loop closed
[6.096s] DEBUG:colcon.colcon_parallel_executor.executor.parallel:run_until_complete finished with '0'
[6.096s] DEBUG:colcon.colcon_core.event_reactor:joining thread
[6.113s] INFO:colcon.colcon_core.plugin_system:Skipping extension 'colcon_notification.desktop_notification.terminal_notifier': Not used on non-Darwin systems
[6.113s] INFO:colcon.colcon_core.plugin_system:Skipping extension 'colcon_notification.desktop_notification.win32': Not used on non-Windows systems
[6.113s] INFO:colcon.colcon_notification.desktop_notification:Sending desktop notification using 'notify2'
[6.150s] DEBUG:colcon.colcon_core.event_reactor:joined thread
[6.151s] INFO:colcon.colcon_core.shell:Creating prefix script '/home/mech1/Workspaces/course_ws/install/local_setup.ps1'
[6.154s] INFO:colcon.colcon_core.shell:Creating prefix util module '/home/mech1/Workspaces/course_ws/install/_local_setup_util_ps1.py'
[6.158s] INFO:colcon.colcon_core.shell:Creating prefix chain script '/home/mech1/Workspaces/course_ws/install/setup.ps1'
[6.161s] INFO:colcon.colcon_core.shell:Creating prefix script '/home/mech1/Workspaces/course_ws/install/local_setup.sh'
[6.162s] INFO:colcon.colcon_core.shell:Creating prefix util module '/home/mech1/Workspaces/course_ws/install/_local_setup_util_sh.py'
[6.164s] INFO:colcon.colcon_core.shell:Creating prefix chain script '/home/mech1/Workspaces/course_ws/install/setup.sh'
[6.167s] INFO:colcon.colcon_core.shell:Creating prefix script '/home/mech1/Workspaces/course_ws/install/local_setup.bash'
[6.168s] INFO:colcon.colcon_core.shell:Creating prefix chain script '/home/mech1/Workspaces/course_ws/install/setup.bash'
[6.171s] INFO:colcon.colcon_core.shell:Creating prefix script '/home/mech1/Workspaces/course_ws/install/local_setup.zsh'
[6.172s] INFO:colcon.colcon_core.shell:Creating prefix chain script '/home/mech1/Workspaces/course_ws/install/setup.zsh'
